2014/10/18 08:34:28 [error] [exception.CDbException] exception 'CDbException' with message 'CDbConnection failed to open the DB connection: could not find driver' in /var/www/html/yii_framework/framework/db/CDbConnection.php:381
Stack trace:
#0 /var/www/html/yii_framework/framework/db/CDbConnection.php(330): CDbConnection->open()
#1 /var/www/html/yii_framework/framework/db/CDbConnection.php(308): CDbConnection->setActive(true)
#2 /var/www/html/yii_framework/framework/base/CModule.php(387): CDbConnection->init()
#3 /var/www/html/yii_framework/framework/base/CModule.php(103): CModule->getComponent('db')
#4 /var/www/html/yii_framework/framework/gii/generators/model/ModelCode.php(57): CModule->__get('db')
#5 /var/www/html/yii_framework/framework/web/CFormModel.php(39): ModelCode->init()
#6 /var/www/html/yii_framework/framework/gii/CCodeGenerator.php(153): CFormModel->__construct()
#7 /var/www/html/yii_framework/framework/gii/CCodeGenerator.php(63): CCodeGenerator->prepare()
#8 /var/www/html/yii_framework/framework/web/actions/CInlineAction.php(49): CCodeGenerator->actionIndex()
#9 /var/www/html/yii_framework/framework/web/CController.php(308): CInlineAction->runWithParams(Array)
#10 /var/www/html/yii_framework/framework/web/CController.php(286): CController->runAction(Object(CInlineAction))
#11 /var/www/html/yii_framework/framework/web/CController.php(265): CController->runActionWithFilters(Object(CInlineAction), Array)
#12 /var/www/html/yii_framework/framework/web/CWebApplication.php(282): CController->run('')
#13 /var/www/html/yii_framework/framework/web/CWebApplication.php(141): CWebApplication->runController('gii/model')
#14 /var/www/html/yii_framework/framework/base/CApplication.php(169): CWebApplication->processRequest()
#15 /var/www/html/mysite/index.php(13): CApplication->run()
#16 {main}
REQUEST_URI=/mysite/index.php?r=gii/model
HTTP_REFERER=http://localhost/mysite/index.php?r=gii/default/index
---
2014/10/18 08:47:18 [error] [exception.CHttpException.403] exception 'CHttpException' with message 'You are not authorized to perform this action.' in /var/www/html/yii_framework/framework/web/auth/CAccessControlFilter.php:179
Stack trace:
#0 /var/www/html/yii_framework/framework/web/auth/CAccessControlFilter.php(142): CAccessControlFilter->accessDenied(Object(CWebUser), 'You are not aut...')
#1 /var/www/html/yii_framework/framework/web/filters/CFilter.php(38): CAccessControlFilter->preFilter(Object(CFilterChain))
#2 /var/www/html/yii_framework/framework/web/CController.php(1145): CFilter->filter(Object(CFilterChain))
#3 /var/www/html/yii_framework/framework/web/filters/CInlineFilter.php(58): CController->filterAccessControl(Object(CFilterChain))
#4 /var/www/html/yii_framework/framework/web/filters/CFilterChain.php(130): CInlineFilter->filter(Object(CFilterChain))
#5 /var/www/html/yii_framework/framework/web/CController.php(291): CFilterChain->run()
#6 /var/www/html/yii_framework/framework/web/CController.php(265): CController->runActionWithFilters(Object(CInlineAction), Array)
#7 /var/www/html/yii_framework/framework/web/CWebApplication.php(282): CController->run('admin')
#8 /var/www/html/yii_framework/framework/web/CWebApplication.php(141): CWebApplication->runController('user/admin')
#9 /var/www/html/yii_framework/framework/base/CApplication.php(169): CWebApplication->processRequest()
#10 /var/www/html/mysite/index.php(13): CApplication->run()
#11 {main}
REQUEST_URI=/mysite/index.php?r=user/admin
HTTP_REFERER=http://localhost/mysite/index.php?r=user/view&id=22
---
